<?xml version="1.0" encoding="UTF-8"?>
<!-- Generated by org.testng.reporters.JUnitReportReporter -->
<testsuite hostname="LAPTOP-QDOQ7TVI" failures="0" tests="1" name="PeopleNtech.Automationtraining.NewTestAnnotations" time="0.008" errors="0" timestamp="2021-12-26T18:24:11 CST" skipped="0">
  <testcase classname="PeopleNtech.Automationtraining.NewTestAnnotations" name="f" time="0.008"/>
  <system-out/>
</testsuite> <!-- PeopleNtech.Automationtraining.NewTestAnnotations -->
